2012/08/22 17:10:18 [error] [exception.CException] exception 'CException' with message 'Property "BootNavbar.class" is not defined.' in C:\wamp\www\api_yii\framework\base\CComponent.php:174
Stack trace:
#0 C:\wamp\www\api_yii\framework\web\CWidgetFactory.php(162): CComponent->__set('class', 'bootstrap.widge...')
#1 C:\wamp\www\api_yii\framework\web\CBaseController.php(147): CWidgetFactory->createWidget(Object(SiteController), 'bootstrap.widge...', Array)
#2 C:\wamp\www\api_yii\framework\web\CBaseController.php(173): CBaseController->createWidget('bootstrap.widge...', Array)
#3 C:\wamp\www\api_yii\protected\views\layouts\main.php(42): CBaseController->widget('bootstrap.widge...', Array)
#4 C:\wamp\www\api_yii\framework\web\CBaseController.php(127): require('C:\wamp\www\api...')
#5 C:\wamp\www\api_yii\framework\web\CBaseController.php(96): CBaseController->renderInternal('C:\wamp\www\api...', Array, true)
#6 C:\wamp\www\api_yii\framework\web\widgets\CContentDecorator.php(77): CBaseController->renderFile('C:\wamp\www\api...', Array, true)
#7 C:\wamp\www\api_yii\framework\web\widgets\CContentDecorator.php(55): CContentDecorator->decorate('<div id="conten...')
#8 C:\wamp\www\api_yii\framework\web\widgets\COutputProcessor.php(45): CContentDecorator->processOutput('<div id="conten...')
#9 C:\wamp\www\api_yii\framework\web\CBaseController.php(207): COutputProcessor->run()
#10 C:\wamp\www\api_yii\framework\web\CBaseController.php(301): CBaseController->endWidget('CContentDecorat...')
#11 C:\wamp\www\api_yii\protected\views\layouts\column1.php(5): CBaseController->endContent()
#12 C:\wamp\www\api_yii\framework\web\CBaseController.php(127): require('C:\wamp\www\api...')
#13 C:\wamp\www\api_yii\framework\web\CBaseController.php(96): CBaseController->renderInternal('C:\wamp\www\api...', Array, true)
#14 C:\wamp\www\api_yii\framework\web\CController.php(785): CBaseController->renderFile('C:\wamp\www\api...', Array, true)
#15 C:\wamp\www\api_yii\protected\controllers\SiteController.php(32): CController->render('index')
#16 C:\wamp\www\api_yii\framework\web\actions\CInlineAction.php(50): SiteController->actionIndex()
#17 C:\wamp\www\api_yii\framework\web\CController.php(309): CInlineAction->runWithParams(Array)
#18 C:\wamp\www\api_yii\framework\web\CController.php(287): CController->runAction(Object(CInlineAction))
#19 C:\wamp\www\api_yii\framework\web\CController.php(266): CController->runActionWithFilters(Object(CInlineAction), Array)
#20 C:\wamp\www\api_yii\framework\web\CWebApplication.php(276): CController->run('index')
#21 C:\wamp\www\api_yii\framework\web\CWebApplication.php(135): CWebApplication->runController('site/index')
#22 C:\wamp\www\api_yii\framework\base\CApplication.php(162): CWebApplication->processRequest()
#23 C:\wamp\www\api_yii\index.php(13): CApplication->run()
#24 {main}
REQUEST_URI=/api_yii/index.php?r=site/index
---
2012/08/22 17:11:41 [error] [exception.CException] exception 'CException' with message 'Property "BootNavbar.class" is not defined.' in C:\wamp\www\api_yii\framework\base\CComponent.php:174
Stack trace:
#0 C:\wamp\www\api_yii\framework\web\CWidgetFactory.php(162): CComponent->__set('class', 'bootstrap.widge...')
#1 C:\wamp\www\api_yii\framework\web\CBaseController.php(147): CWidgetFactory->createWidget(Object(SiteController), 'bootstrap.widge...', Array)
#2 C:\wamp\www\api_yii\framework\web\CBaseController.php(173): CBaseController->createWidget('bootstrap.widge...', Array)
#3 C:\wamp\www\api_yii\protected\views\layouts\main.php(42): CBaseController->widget('bootstrap.widge...', Array)
#4 C:\wamp\www\api_yii\framework\web\CBaseController.php(127): require('C:\wamp\www\api...')
#5 C:\wamp\www\api_yii\framework\web\CBaseController.php(96): CBaseController->renderInternal('C:\wamp\www\api...', Array, true)
#6 C:\wamp\www\api_yii\framework\web\widgets\CContentDecorator.php(77): CBaseController->renderFile('C:\wamp\www\api...', Array, true)
#7 C:\wamp\www\api_yii\framework\web\widgets\CContentDecorator.php(55): CContentDecorator->decorate('<div id="conten...')
#8 C:\wamp\www\api_yii\framework\web\widgets\COutputProcessor.php(45): CContentDecorator->processOutput('<div id="conten...')
#9 C:\wamp\www\api_yii\framework\web\CBaseController.php(207): COutputProcessor->run()
#10 C:\wamp\www\api_yii\framework\web\CBaseController.php(301): CBaseController->endWidget('CContentDecorat...')
#11 C:\wamp\www\api_yii\protected\views\layouts\column1.php(5): CBaseController->endContent()
#12 C:\wamp\www\api_yii\framework\web\CBaseController.php(127): require('C:\wamp\www\api...')
#13 C:\wamp\www\api_yii\framework\web\CBaseController.php(96): CBaseController->renderInternal('C:\wamp\www\api...', Array, true)
#14 C:\wamp\www\api_yii\framework\web\CController.php(785): CBaseController->renderFile('C:\wamp\www\api...', Array, true)
#15 C:\wamp\www\api_yii\protected\controllers\SiteController.php(32): CController->render('index')
#16 C:\wamp\www\api_yii\framework\web\actions\CInlineAction.php(50): SiteController->actionIndex()
#17 C:\wamp\www\api_yii\framework\web\CController.php(309): CInlineAction->runWithParams(Array)
#18 C:\wamp\www\api_yii\framework\web\CController.php(287): CController->runAction(Object(CInlineAction))
#19 C:\wamp\www\api_yii\framework\web\CController.php(266): CController->runActionWithFilters(Object(CInlineAction), Array)
#20 C:\wamp\www\api_yii\framework\web\CWebApplication.php(276): CController->run('index')
#21 C:\wamp\www\api_yii\framework\web\CWebApplication.php(135): CWebApplication->runController('site/index')
#22 C:\wamp\www\api_yii\framework\base\CApplication.php(162): CWebApplication->processRequest()
#23 C:\wamp\www\api_yii\index.php(13): CApplication->run()
#24 {main}
REQUEST_URI=/api_yii/index.php?r=site/index
---
2012/08/22 17:26:47 [error] [exception.CException] exception 'CException' with message 'Property "ContactForm.textField" is not defined.' in C:\wamp\www\api_yii\framework\base\CComponent.php:131
Stack trace:
#0 C:\wamp\www\api_yii\framework\web\helpers\CHtml.php(2044): CComponent->__get('textField')
#1 C:\wamp\www\api_yii\framework\web\helpers\CHtml.php(1774): CHtml::resolveValue(Object(ContactForm), 'textField')
#2 C:\wamp\www\api_yii\framework\web\helpers\CHtml.php(1205): CHtml::activeInputField('text', Object(ContactForm), 'textField', Array)
#3 C:\wamp\www\api_yii\framework\web\widgets\CActiveForm.php(575): CHtml::activeTextField(Object(ContactForm), 'textField', Array)
#4 C:\wamp\www\api_yii\protected\extensions\bootstrap\widgets\input\BootInputVertical.php(155): CActiveForm->textField(Object(ContactForm), 'textField', Array)
#5 C:\wamp\www\api_yii\protected\extensions\bootstrap\widgets\input\BootInput.php(124): BootInputVertical->textField()
#6 C:\wamp\www\api_yii\framework\web\CBaseController.php(174): BootInput->run()
#7 C:\wamp\www\api_yii\protected\extensions\bootstrap\widgets\BootActiveForm.php(493): CBaseController->widget('bootstrap.widge...', Array)
#8 C:\wamp\www\api_yii\protected\extensions\bootstrap\widgets\BootActiveForm.php(180): BootActiveForm->inputRow('textfield', Object(ContactForm), 'textField', NULL, Array)
#9 C:\wamp\www\api_yii\protected\views\site\contact.php(73): BootActiveForm->textFieldRow(Object(ContactForm), 'textField', Array)
#10 C:\wamp\www\api_yii\framework\web\CBaseController.php(127): require('C:\wamp\www\api...')
#11 C:\wamp\www\api_yii\framework\web\CBaseController.php(96): CBaseController->renderInternal('C:\wamp\www\api...', Array, true)
#12 C:\wamp\www\api_yii\framework\web\CController.php(870): CBaseController->renderFile('C:\wamp\www\api...', Array, true)
#13 C:\wamp\www\api_yii\framework\web\CController.php(783): CController->renderPartial('contact', Array, true)
#14 C:\wamp\www\api_yii\protected\controllers\SiteController.php(66): CController->render('contact', Array)
#15 C:\wamp\www\api_yii\framework\web\actions\CInlineAction.php(50): SiteController->actionContact()
#16 C:\wamp\www\api_yii\framework\web\CController.php(309): CInlineAction->runWithParams(Array)
#17 C:\wamp\www\api_yii\framework\web\CController.php(287): CController->runAction(Object(CInlineAction))
#18 C:\wamp\www\api_yii\framework\web\CController.php(266): CController->runActionWithFilters(Object(CInlineAction), Array)
#19 C:\wamp\www\api_yii\framework\web\CWebApplication.php(276): CController->run('contact')
#20 C:\wamp\www\api_yii\framework\web\CWebApplication.php(135): CWebApplication->runController('site/contact')
#21 C:\wamp\www\api_yii\framework\base\CApplication.php(162): CWebApplication->processRequest()
#22 C:\wamp\www\api_yii\index.php(13): CApplication->run()
#23 {main}
REQUEST_URI=/api_yii/index.php?r=site/contact
---
2012/08/22 17:27:16 [error] [exception.CException] exception 'CException' with message 'Property "ContactForm.textField" is not defined.' in C:\wamp\www\api_yii\framework\base\CComponent.php:131
Stack trace:
#0 C:\wamp\www\api_yii\framework\web\helpers\CHtml.php(2044): CComponent->__get('textField')
#1 C:\wamp\www\api_yii\framework\web\helpers\CHtml.php(1774): CHtml::resolveValue(Object(ContactForm), 'textField')
#2 C:\wamp\www\api_yii\framework\web\helpers\CHtml.php(1205): CHtml::activeInputField('text', Object(ContactForm), 'textField', Array)
#3 C:\wamp\www\api_yii\framework\web\widgets\CActiveForm.php(575): CHtml::activeTextField(Object(ContactForm), 'textField', Array)
#4 C:\wamp\www\api_yii\protected\extensions\bootstrap\widgets\input\BootInputVertical.php(155): CActiveForm->textField(Object(ContactForm), 'textField', Array)
#5 C:\wamp\www\api_yii\protected\extensions\bootstrap\widgets\input\BootInput.php(124): BootInputVertical->textField()
#6 C:\wamp\www\api_yii\framework\web\CBaseController.php(174): BootInput->run()
#7 C:\wamp\www\api_yii\protected\extensions\bootstrap\widgets\BootActiveForm.php(493): CBaseController->widget('bootstrap.widge...', Array)
#8 C:\wamp\www\api_yii\protected\extensions\bootstrap\widgets\BootActiveForm.php(180): BootActiveForm->inputRow('textfield', Object(ContactForm), 'textField', NULL, Array)
#9 C:\wamp\www\api_yii\protected\views\site\contact.php(60): BootActiveForm->textFieldRow(Object(ContactForm), 'textField', Array)
#10 C:\wamp\www\api_yii\framework\web\CBaseController.php(127): require('C:\wamp\www\api...')
#11 C:\wamp\www\api_yii\framework\web\CBaseController.php(96): CBaseController->renderInternal('C:\wamp\www\api...', Array, true)
#12 C:\wamp\www\api_yii\framework\web\CController.php(870): CBaseController->renderFile('C:\wamp\www\api...', Array, true)
#13 C:\wamp\www\api_yii\framework\web\CController.php(783): CController->renderPartial('contact', Array, true)
#14 C:\wamp\www\api_yii\protected\controllers\SiteController.php(66): CController->render('contact', Array)
#15 C:\wamp\www\api_yii\framework\web\actions\CInlineAction.php(50): SiteController->actionContact()
#16 C:\wamp\www\api_yii\framework\web\CController.php(309): CInlineAction->runWithParams(Array)
#17 C:\wamp\www\api_yii\framework\web\CController.php(287): CController->runAction(Object(CInlineAction))
#18 C:\wamp\www\api_yii\framework\web\CController.php(266): CController->runActionWithFilters(Object(CInlineAction), Array)
#19 C:\wamp\www\api_yii\framework\web\CWebApplication.php(276): CController->run('contact')
#20 C:\wamp\www\api_yii\framework\web\CWebApplication.php(135): CWebApplication->runController('site/contact')
#21 C:\wamp\www\api_yii\framework\base\CApplication.php(162): CWebApplication->processRequest()
#22 C:\wamp\www\api_yii\index.php(13): CApplication->run()
#23 {main}
REQUEST_URI=/api_yii/index.php?r=site/contact
---
2012/08/22 17:27:29 [error] [exception.CException] exception 'CException' with message 'Property "ContactForm.textField" is not defined.' in C:\wamp\www\api_yii\framework\base\CComponent.php:131
Stack trace:
#0 C:\wamp\www\api_yii\framework\web\helpers\CHtml.php(2044): CComponent->__get('textField')
#1 C:\wamp\www\api_yii\framework\web\helpers\CHtml.php(1774): CHtml::resolveValue(Object(ContactForm), 'textField')
#2 C:\wamp\www\api_yii\framework\web\helpers\CHtml.php(1205): CHtml::activeInputField('text', Object(ContactForm), 'textField', Array)
#3 C:\wamp\www\api_yii\framework\web\widgets\CActiveForm.php(575): CHtml::activeTextField(Object(ContactForm), 'textField', Array)
#4 C:\wamp\www\api_yii\protected\extensions\bootstrap\widgets\input\BootInputVertical.php(155): CActiveForm->textField(Object(ContactForm), 'textField', Array)
#5 C:\wamp\www\api_yii\protected\extensions\bootstrap\widgets\input\BootInput.php(124): BootInputVertical->textField()
#6 C:\wamp\www\api_yii\framework\web\CBaseController.php(174): BootInput->run()
#7 C:\wamp\www\api_yii\protected\extensions\bootstrap\widgets\BootActiveForm.php(493): CBaseController->widget('bootstrap.widge...', Array)
#8 C:\wamp\www\api_yii\protected\extensions\bootstrap\widgets\BootActiveForm.php(180): BootActiveForm->inputRow('textfield', Object(ContactForm), 'textField', NULL, Array)
#9 C:\wamp\www\api_yii\protected\views\site\contact.php(60): BootActiveForm->textFieldRow(Object(ContactForm), 'textField', Array)
#10 C:\wamp\www\api_yii\framework\web\CBaseController.php(127): require('C:\wamp\www\api...')
#11 C:\wamp\www\api_yii\framework\web\CBaseController.php(96): CBaseController->renderInternal('C:\wamp\www\api...', Array, true)
#12 C:\wamp\www\api_yii\framework\web\CController.php(870): CBaseController->renderFile('C:\wamp\www\api...', Array, true)
#13 C:\wamp\www\api_yii\framework\web\CController.php(783): CController->renderPartial('contact', Array, true)
#14 C:\wamp\www\api_yii\protected\controllers\SiteController.php(66): CController->render('contact', Array)
#15 C:\wamp\www\api_yii\framework\web\actions\CInlineAction.php(50): SiteController->actionContact()
#16 C:\wamp\www\api_yii\framework\web\CController.php(309): CInlineAction->runWithParams(Array)
#17 C:\wamp\www\api_yii\framework\web\CController.php(287): CController->runAction(Object(CInlineAction))
#18 C:\wamp\www\api_yii\framework\web\CController.php(266): CController->runActionWithFilters(Object(CInlineAction), Array)
#19 C:\wamp\www\api_yii\framework\web\CWebApplication.php(276): CController->run('contact')
#20 C:\wamp\www\api_yii\framework\web\CWebApplication.php(135): CWebApplication->runController('site/contact')
#21 C:\wamp\www\api_yii\framework\base\CApplication.php(162): CWebApplication->processRequest()
#22 C:\wamp\www\api_yii\index.php(13): CApplication->run()
#23 {main}
REQUEST_URI=/api_yii/index.php?r=site/contact
---
2012/08/22 17:27:31 [error] [exception.CException] exception 'CException' with message 'Property "ContactForm.textField" is not defined.' in C:\wamp\www\api_yii\framework\base\CComponent.php:131
Stack trace:
#0 C:\wamp\www\api_yii\framework\web\helpers\CHtml.php(2044): CComponent->__get('textField')
#1 C:\wamp\www\api_yii\framework\web\helpers\CHtml.php(1774): CHtml::resolveValue(Object(ContactForm), 'textField')
#2 C:\wamp\www\api_yii\framework\web\helpers\CHtml.php(1205): CHtml::activeInputField('text', Object(ContactForm), 'textField', Array)
#3 C:\wamp\www\api_yii\framework\web\widgets\CActiveForm.php(575): CHtml::activeTextField(Object(ContactForm), 'textField', Array)
#4 C:\wamp\www\api_yii\protected\extensions\bootstrap\widgets\input\BootInputVertical.php(155): CActiveForm->textField(Object(ContactForm), 'textField', Array)
#5 C:\wamp\www\api_yii\protected\extensions\bootstrap\widgets\input\BootInput.php(124): BootInputVertical->textField()
#6 C:\wamp\www\api_yii\framework\web\CBaseController.php(174): BootInput->run()
#7 C:\wamp\www\api_yii\protected\extensions\bootstrap\widgets\BootActiveForm.php(493): CBaseController->widget('bootstrap.widge...', Array)
#8 C:\wamp\www\api_yii\protected\extensions\bootstrap\widgets\BootActiveForm.php(180): BootActiveForm->inputRow('textfield', Object(ContactForm), 'textField', NULL, Array)
#9 C:\wamp\www\api_yii\protected\views\site\contact.php(60): BootActiveForm->textFieldRow(Object(ContactForm), 'textField', Array)
#10 C:\wamp\www\api_yii\framework\web\CBaseController.php(127): require('C:\wamp\www\api...')
#11 C:\wamp\www\api_yii\framework\web\CBaseController.php(96): CBaseController->renderInternal('C:\wamp\www\api...', Array, true)
#12 C:\wamp\www\api_yii\framework\web\CController.php(870): CBaseController->renderFile('C:\wamp\www\api...', Array, true)
#13 C:\wamp\www\api_yii\framework\web\CController.php(783): CController->renderPartial('contact', Array, true)
#14 C:\wamp\www\api_yii\protected\controllers\SiteController.php(66): CController->render('contact', Array)
#15 C:\wamp\www\api_yii\framework\web\actions\CInlineAction.php(50): SiteController->actionContact()
#16 C:\wamp\www\api_yii\framework\web\CController.php(309): CInlineAction->runWithParams(Array)
#17 C:\wamp\www\api_yii\framework\web\CController.php(287): CController->runAction(Object(CInlineAction))
#18 C:\wamp\www\api_yii\framework\web\CController.php(266): CController->runActionWithFilters(Object(CInlineAction), Array)
#19 C:\wamp\www\api_yii\framework\web\CWebApplication.php(276): CController->run('contact')
#20 C:\wamp\www\api_yii\framework\web\CWebApplication.php(135): CWebApplication->runController('site/contact')
#21 C:\wamp\www\api_yii\framework\base\CApplication.php(162): CWebApplication->processRequest()
#22 C:\wamp\www\api_yii\index.php(13): CApplication->run()
#23 {main}
REQUEST_URI=/api_yii/index.php?r=site/contact
---
2012/08/22 17:27:52 [error] [exception.CException] exception 'CException' with message 'Property "ContactForm.textField" is not defined.' in C:\wamp\www\api_yii\framework\base\CComponent.php:131
Stack trace:
#0 C:\wamp\www\api_yii\framework\web\helpers\CHtml.php(2044): CComponent->__get('textField')
#1 C:\wamp\www\api_yii\framework\web\helpers\CHtml.php(1774): CHtml::resolveValue(Object(ContactForm), 'textField')
#2 C:\wamp\www\api_yii\framework\web\helpers\CHtml.php(1205): CHtml::activeInputField('text', Object(ContactForm), 'textField', Array)
#3 C:\wamp\www\api_yii\framework\web\widgets\CActiveForm.php(575): CHtml::activeTextField(Object(ContactForm), 'textField', Array)
#4 C:\wamp\www\api_yii\protected\extensions\bootstrap\widgets\input\BootInputVertical.php(155): CActiveForm->textField(Object(ContactForm), 'textField', Array)
#5 C:\wamp\www\api_yii\protected\extensions\bootstrap\widgets\input\BootInput.php(124): BootInputVertical->textField()
#6 C:\wamp\www\api_yii\framework\web\CBaseController.php(174): BootInput->run()
#7 C:\wamp\www\api_yii\protected\extensions\bootstrap\widgets\BootActiveForm.php(493): CBaseController->widget('bootstrap.widge...', Array)
#8 C:\wamp\www\api_yii\protected\extensions\bootstrap\widgets\BootActiveForm.php(180): BootActiveForm->inputRow('textfield', Object(ContactForm), 'textField', NULL, Array)
#9 C:\wamp\www\api_yii\protected\views\site\contact.php(86): BootActiveForm->textFieldRow(Object(ContactForm), 'textField', Array)
#10 C:\wamp\www\api_yii\framework\web\CBaseController.php(127): require('C:\wamp\www\api...')
#11 C:\wamp\www\api_yii\framework\web\CBaseController.php(96): CBaseController->renderInternal('C:\wamp\www\api...', Array, true)
#12 C:\wamp\www\api_yii\framework\web\CController.php(870): CBaseController->renderFile('C:\wamp\www\api...', Array, true)
#13 C:\wamp\www\api_yii\framework\web\CController.php(783): CController->renderPartial('contact', Array, true)
#14 C:\wamp\www\api_yii\protected\controllers\SiteController.php(66): CController->render('contact', Array)
#15 C:\wamp\www\api_yii\framework\web\actions\CInlineAction.php(50): SiteController->actionContact()
#16 C:\wamp\www\api_yii\framework\web\CController.php(309): CInlineAction->runWithParams(Array)
#17 C:\wamp\www\api_yii\framework\web\CController.php(287): CController->runAction(Object(CInlineAction))
#18 C:\wamp\www\api_yii\framework\web\CController.php(266): CController->runActionWithFilters(Object(CInlineAction), Array)
#19 C:\wamp\www\api_yii\framework\web\CWebApplication.php(276): CController->run('contact')
#20 C:\wamp\www\api_yii\framework\web\CWebApplication.php(135): CWebApplication->runController('site/contact')
#21 C:\wamp\www\api_yii\framework\base\CApplication.php(162): CWebApplication->processRequest()
#22 C:\wamp\www\api_yii\index.php(13): CApplication->run()
#23 {main}
REQUEST_URI=/api_yii/index.php?r=site/contact
---
2012/08/22 17:28:17 [error] [exception.CException] exception 'CException' with message 'Property "ContactForm.textField" is not defined.' in C:\wamp\www\api_yii\framework\base\CComponent.php:131
Stack trace:
#0 C:\wamp\www\api_yii\framework\web\helpers\CHtml.php(2044): CComponent->__get('textField')
#1 C:\wamp\www\api_yii\framework\web\helpers\CHtml.php(1774): CHtml::resolveValue(Object(ContactForm), 'textField')
#2 C:\wamp\www\api_yii\framework\web\helpers\CHtml.php(1205): CHtml::activeInputField('text', Object(ContactForm), 'textField', Array)
#3 C:\wamp\www\api_yii\framework\web\widgets\CActiveForm.php(575): CHtml::activeTextField(Object(ContactForm), 'textField', Array)
#4 C:\wamp\www\api_yii\protected\extensions\bootstrap\widgets\input\BootInputVertical.php(155): CActiveForm->textField(Object(ContactForm), 'textField', Array)
#5 C:\wamp\www\api_yii\protected\extensions\bootstrap\widgets\input\BootInput.php(124): BootInputVertical->textField()
#6 C:\wamp\www\api_yii\framework\web\CBaseController.php(174): BootInput->run()
#7 C:\wamp\www\api_yii\protected\extensions\bootstrap\widgets\BootActiveForm.php(493): CBaseController->widget('bootstrap.widge...', Array)
#8 C:\wamp\www\api_yii\protected\extensions\bootstrap\widgets\BootActiveForm.php(180): BootActiveForm->inputRow('textfield', Object(ContactForm), 'textField', NULL, Array)
#9 C:\wamp\www\api_yii\protected\views\site\contact.php(28): BootActiveForm->textFieldRow(Object(ContactForm), 'textField', Array)
#10 C:\wamp\www\api_yii\framework\web\CBaseController.php(127): require('C:\wamp\www\api...')
#11 C:\wamp\www\api_yii\framework\web\CBaseController.php(96): CBaseController->renderInternal('C:\wamp\www\api...', Array, true)
#12 C:\wamp\www\api_yii\framework\web\CController.php(870): CBaseController->renderFile('C:\wamp\www\api...', Array, true)
#13 C:\wamp\www\api_yii\framework\web\CController.php(783): CController->renderPartial('contact', Array, true)
#14 C:\wamp\www\api_yii\protected\controllers\SiteController.php(66): CController->render('contact', Array)
#15 C:\wamp\www\api_yii\framework\web\actions\CInlineAction.php(50): SiteController->actionContact()
#16 C:\wamp\www\api_yii\framework\web\CController.php(309): CInlineAction->runWithParams(Array)
#17 C:\wamp\www\api_yii\framework\web\CController.php(287): CController->runAction(Object(CInlineAction))
#18 C:\wamp\www\api_yii\framework\web\CController.php(266): CController->runActionWithFilters(Object(CInlineAction), Array)
#19 C:\wamp\www\api_yii\framework\web\CWebApplication.php(276): CController->run('contact')
#20 C:\wamp\www\api_yii\framework\web\CWebApplication.php(135): CWebApplication->runController('site/contact')
#21 C:\wamp\www\api_yii\framework\base\CApplication.php(162): CWebApplication->processRequest()
#22 C:\wamp\www\api_yii\index.php(13): CApplication->run()
#23 {main}
REQUEST_URI=/api_yii/index.php?r=site/contact
HTTP_REFERER=http://localhost:81/api_yii/index.php?r=site/page&view=about
---
